<?xml version="1.0" encoding="UTF-8"?>
<testsuite name="WorrierTest" tests="1" skipped="0" failures="0" errors="0" timestamp="2022-04-14T03:12:52" hostname="DIALAPTOP" time="0.03">
  <properties/>
  <testcase name="shouldHaveADefaultHealthStatusOf100()" classname="WorrierTest" time="0.03"/>
  <system-out><![CDATA[]]></system-out>
  <system-err><![CDATA[]]></system-err>
</testsuite>
